<?xml version="1.0" encoding="UTF-8"?>
<!-- Generated by org.testng.reporters.JUnitReportReporter -->
<testsuite hostname="DESKTOP-1THIMUH" failures="0" tests="4" name="sampleTest.Testcases002" time="0.008" errors="0" timestamp="2022-04-24T22:35:18 IST" skipped="0">
  <testcase classname="sampleTest.Testcases002" name="Testcase_00" time="0.002"/>
  <system-out/>
  <testcase classname="sampleTest.Testcases002" name="Testcase_005" time="0.002"/>
  <system-out/>
  <testcase classname="sampleTest.Testcases002" name="Testcase_007" time="0.002"/>
  <system-out/>
  <testcase classname="sampleTest.Testcases002" name="Testcase_006" time="0.002"/>
  <system-out/>
</testsuite> <!-- sampleTest.Testcases002 -->
