<?xml version="1.0" encoding="UTF-8"?>
<!-- Generated by org.testng.reporters.JUnitReportReporter -->
<testsuite hostname="DESKTOP-1THIMUH" failures="0" tests="4" name="sampleTest.Testcases001" time="0.025" errors="0" timestamp="2022-04-24T22:35:18 IST" skipped="0">
  <testcase classname="sampleTest.Testcases001" name="Testcase_001" time="0.019"/>
  <system-out/>
  <testcase classname="sampleTest.Testcases001" name="Testcase_002" time="0.002"/>
  <system-out/>
  <testcase classname="sampleTest.Testcases001" name="Testcase_003" time="0.002"/>
  <system-out/>
  <testcase classname="sampleTest.Testcases001" name="Testcase_004" time="0.002"/>
  <system-out/>
</testsuite> <!-- sampleTest.Testcases001 -->
